<?xml version="1.0" encoding="UTF-8"?>
<robot generator="Robot 3.1.1 (Python 3.7.2 on darwin)" generated="20190227 18:34:51.649" rpa="false">
<suite id="s1" name="Front office" source="/Users/anna.peters/PycharmProjects/RF_prj/tests/Front_office.robot">
<test id="s1-t1" name="Should be able to access &quot;Team&quot; page">
<kw name="Begin test" library="CommonWeb po" type="setup">
<kw name="Open Browser" library="Selenium2Library">
<doc>Opens a new browser instance to the given ``url``.</doc>
<arguments>
<arg>about:blank</arg>
<arg>${BROWSER}</arg>
</arguments>
<msg timestamp="20190227 18:34:51.765" level="INFO">Opening browser 'chrome' to base url 'about:blank'.</msg>
<status status="PASS" starttime="20190227 18:34:51.765" endtime="20190227 18:34:53.741"></status>
</kw>
<kw name="Maximize Browser Window" library="Selenium2Library">
<doc>Maximizes current browser window.</doc>
<status status="PASS" starttime="20190227 18:34:53.742" endtime="20190227 18:34:53.889"></status>
</kw>
<status status="PASS" starttime="20190227 18:34:51.764" endtime="20190227 18:34:53.889"></status>
</kw>
<kw name="Go to landing page" library="FrontOfficeApp po">
<kw name="Navigate to" library="Landing">
<kw name="Go To" library="Selenium2Library">
<doc>Navigates the active browser instance to the provided ``url``.</doc>
<arguments>
<arg>${URL}</arg>
</arguments>
<msg timestamp="20190227 18:34:53.891" level="INFO">Opening url 'http://www.robotframeworktutorial.com/front-office/'</msg>
<status status="PASS" starttime="20190227 18:34:53.890" endtime="20190227 18:34:55.886"></status>
</kw>
<status status="PASS" starttime="20190227 18:34:53.890" endtime="20190227 18:34:55.886"></status>
</kw>
<kw name="Validate page loading" library="Landing">
<kw name="Wait Until Page Contains Element" library="Selenium2Library">
<doc>Waits until element ``locator`` appears on current page.</doc>
<arguments>
<arg>${LANDING_NAVIGATION_ELEMENT}</arg>
</arguments>
<status status="PASS" starttime="20190227 18:34:55.886" endtime="20190227 18:34:55.901"></status>
</kw>
<status status="PASS" starttime="20190227 18:34:55.886" endtime="20190227 18:34:55.901"></status>
</kw>
<status status="PASS" starttime="20190227 18:34:53.890" endtime="20190227 18:34:55.901"></status>
</kw>
<kw name="Go to Team page" library="FrontOfficeApp po">
<kw name="Select &quot;Team&quot; page" library="TopNav">
<kw name="Click Element" library="Selenium2Library">
<doc>Click element identified by ``locator``.</doc>
<arguments>
<arg>xpath://a[@href='#team']</arg>
</arguments>
<msg timestamp="20190227 18:34:55.902" level="INFO">Clicking element 'xpath://a[@href='#team']'.</msg>
<status status="PASS" starttime="20190227 18:34:55.902" endtime="20190227 18:34:55.974"></status>
</kw>
<status status="PASS" starttime="20190227 18:34:55.901" endtime="20190227 18:34:55.974"></status>
</kw>
<kw name="Validate page is loaded" library="Team">
<kw name="Wait Until Page Contains Element" library="Selenium2Library">
<doc>Waits until element ``locator`` appears on current page.</doc>
<arguments>
<arg>${TEAM_LABEL}</arg>
</arguments>
<status status="PASS" starttime="20190227 18:34:55.974" endtime="20190227 18:34:55.986"></status>
</kw>
<status status="PASS" starttime="20190227 18:34:55.974" endtime="20190227 18:34:55.986"></status>
</kw>
<status status="PASS" starttime="20190227 18:34:55.901" endtime="20190227 18:34:55.986"></status>
</kw>
<doc>Test1 documentation</doc>
<tags>
<tag>test1</tag>
</tags>
<status status="PASS" starttime="20190227 18:34:51.764" endtime="20190227 18:34:55.986" critical="yes"></status>
</test>
<test id="s1-t2" name="&quot;Team&quot; page should be match">
<kw name="Begin test" library="CommonWeb po" type="setup">
<kw name="Open Browser" library="Selenium2Library">
<doc>Opens a new browser instance to the given ``url``.</doc>
<arguments>
<arg>about:blank</arg>
<arg>${BROWSER}</arg>
</arguments>
<msg timestamp="20190227 18:34:55.989" level="INFO">Opening browser 'chrome' to base url 'about:blank'.</msg>
<status status="PASS" starttime="20190227 18:34:55.988" endtime="20190227 18:34:57.908"></status>
</kw>
<kw name="Maximize Browser Window" library="Selenium2Library">
<doc>Maximizes current browser window.</doc>
<status status="PASS" starttime="20190227 18:34:57.908" endtime="20190227 18:34:58.039"></status>
</kw>
<status status="PASS" starttime="20190227 18:34:55.988" endtime="20190227 18:34:58.039"></status>
</kw>
<kw name="Go to landing page" library="FrontOfficeApp po">
<kw name="Navigate to" library="Landing">
<kw name="Go To" library="Selenium2Library">
<doc>Navigates the active browser instance to the provided ``url``.</doc>
<arguments>
<arg>${URL}</arg>
</arguments>
<msg timestamp="20190227 18:34:58.040" level="INFO">Opening url 'http://www.robotframeworktutorial.com/front-office/'</msg>
<status status="PASS" starttime="20190227 18:34:58.040" endtime="20190227 18:34:59.916"></status>
</kw>
<status status="PASS" starttime="20190227 18:34:58.040" endtime="20190227 18:34:59.916"></status>
</kw>
<kw name="Validate page loading" library="Landing">
<kw name="Wait Until Page Contains Element" library="Selenium2Library">
<doc>Waits until element ``locator`` appears on current page.</doc>
<arguments>
<arg>${LANDING_NAVIGATION_ELEMENT}</arg>
</arguments>
<status status="PASS" starttime="20190227 18:34:59.917" endtime="20190227 18:34:59.931"></status>
</kw>
<status status="PASS" starttime="20190227 18:34:59.916" endtime="20190227 18:34:59.931"></status>
</kw>
<status status="PASS" starttime="20190227 18:34:58.039" endtime="20190227 18:34:59.931"></status>
</kw>
<kw name="Go to Team page" library="FrontOfficeApp po">
<kw name="Select &quot;Team&quot; page" library="TopNav">
<kw name="Click Element" library="Selenium2Library">
<doc>Click element identified by ``locator``.</doc>
<arguments>
<arg>xpath://a[@href='#team']</arg>
</arguments>
<msg timestamp="20190227 18:34:59.932" level="INFO">Clicking element 'xpath://a[@href='#team']'.</msg>
<status status="PASS" starttime="20190227 18:34:59.932" endtime="20190227 18:34:59.990"></status>
</kw>
<status status="PASS" starttime="20190227 18:34:59.931" endtime="20190227 18:34:59.990"></status>
</kw>
<kw name="Validate page is loaded" library="Team">
<kw name="Wait Until Page Contains Element" library="Selenium2Library">
<doc>Waits until element ``locator`` appears on current page.</doc>
<arguments>
<arg>${TEAM_LABEL}</arg>
</arguments>
<status status="PASS" starttime="20190227 18:34:59.991" endtime="20190227 18:35:00.002"></status>
</kw>
<status status="PASS" starttime="20190227 18:34:59.990" endtime="20190227 18:35:00.003"></status>
</kw>
<status status="PASS" starttime="20190227 18:34:59.931" endtime="20190227 18:35:00.003"></status>
</kw>
<kw name="Validate Team page content loaded" library="FrontOfficeApp po">
<kw name="Validate page content matching" library="Team">
<kw name="Get Text" library="Selenium2Library">
<doc>Returns the text value of element identified by ``locator``.</doc>
<arguments>
<arg>${TEAM_LABEL}</arg>
</arguments>
<assign>
<var>${TeamText}</var>
</assign>
<msg timestamp="20190227 18:35:00.025" level="INFO">${TeamText} = OUR AMAZING TEAM</msg>
<status status="PASS" starttime="20190227 18:35:00.004" endtime="20190227 18:35:00.025"></status>
</kw>
<kw name="Should Be Equal As Strings" library="BuiltIn">
<doc>Fails if objects are unequal after converting them to strings.</doc>
<arguments>
<arg>${TeamText}</arg>
<arg>Our Amazing Team</arg>
<arg>ignore_case=true</arg>
</arguments>
<status status="PASS" starttime="20190227 18:35:00.025" endtime="20190227 18:35:00.026"></status>
</kw>
<status status="PASS" starttime="20190227 18:35:00.003" endtime="20190227 18:35:00.026"></status>
</kw>
<status status="PASS" starttime="20190227 18:35:00.003" endtime="20190227 18:35:00.026"></status>
</kw>
<doc>Test2 documentation</doc>
<tags>
<tag>test2</tag>
</tags>
<status status="PASS" starttime="20190227 18:34:55.987" endtime="20190227 18:35:00.026" critical="yes"></status>
</test>
<doc>Documentation text</doc>
<status status="PASS" starttime="20190227 18:34:51.651" endtime="20190227 18:35:00.027"></status>
</suite>
<statistics>
<total>
<stat pass="2" fail="0">Critical Tests</stat>
<stat pass="2" fail="0">All Tests</stat>
</total>
<tag>
<stat pass="1" fail="0">test1</stat>
<stat pass="1" fail="0">test2</stat>
</tag>
<suite>
<stat pass="2" fail="0" id="s1" name="Front office">Front office</stat>
</suite>
</statistics>
<errors>
<msg timestamp="20190227 18:34:51.762" level="ERROR">Error in file '/Users/anna.peters/PycharmProjects/RF_prj/Resources/PO/TopNav.robot': Importing test library 'Selenium2Selenium' failed: ModuleNotFoundError: No module named 'Selenium2Selenium'
Traceback (most recent call last):
  None
PYTHONPATH:
  /Library/Frameworks/Python.framework/Versions/3.7/bin
  /Library/Frameworks/Python.framework/Versions/3.7/lib/python37.zip
  /Library/Frameworks/Python.framework/Versions/3.7/lib/python3.7
  /Library/Frameworks/Python.framework/Versions/3.7/lib/python3.7/lib-dynload
  /Users/anna.peters/Library/Python/3.7/lib/python/site-packages
  /Library/Frameworks/Python.framework/Versions/3.7/lib/python3.7/site-packages
  /Library/Frameworks/Python.framework/Versions/3.7/lib/python3.7/site-packages/robotframework_excellentlibrary-0.9.2-py3.7.egg
  /Library/Frameworks/Python.framework/Versions/3.7/lib/python3.7/site-packages/openpyxl-2.6.0-py3.7.egg
  /Library/Frameworks/Python.framework/Versions/3.7/lib/python3.7/site-packages/et_xmlfile-1.0.1-py3.7.egg
  /Library/Frameworks/Python.framework/Versions/3.7/lib/python3.7/site-packages/jdcal-1.4-py3.7.egg</msg>
</errors>
</robot>
