<?xml version="1.0" encoding="UTF-8"?>
<robot generator="Robot 3.1.1 (Python 3.7.2 on darwin)" generated="20190228 14:14:19.559" rpa="false">
<suite id="s1" name="API test" source="/Users/anna.peters/PycharmProjects/RF_prj/tests/API_test.robot">
<test id="s1-t1" name="Make REST API call">
<kw name="Check github name" library="API po">
<kw name="Create Session" library="RequestsLibrary">
<doc>Create Session: create a HTTP session to a server</doc>
<arguments>
<arg>github_session</arg>
<arg>http://api.github.com</arg>
</arguments>
<msg timestamp="20190228 14:14:19.699" level="INFO">Creating Session using : alias=github_session, url=http://api.github.com, headers={},                     cookies=None, auth=None, timeout=None, proxies=None, verify=False,                     debug=0 </msg>
<status status="PASS" starttime="20190228 14:14:19.699" endtime="20190228 14:14:19.699"></status>
</kw>
<kw name="Get Request" library="RequestsLibrary">
<doc>Send a GET request on the session object found using the
given `alias`</doc>
<arguments>
<arg>github_session</arg>
<arg>/users/robotframework</arg>
</arguments>
<assign>
<var>${response}</var>
</assign>
<msg timestamp="20190228 14:14:20.273" level="INFO">Get Request using : alias=github_session, uri=/users/robotframework, headers=None json=None</msg>
<msg timestamp="20190228 14:14:20.273" level="INFO">/Library/Frameworks/Python.framework/Versions/3.7/lib/python3.7/site-packages/urllib3/connectionpool.py:847: InsecureRequestWarning: Unverified HTTPS request is being made. Adding certificate verification is strongly advised. See: https://urllib3.readthedocs.io/en/latest/advanced-usage.html#ssl-warnings
  InsecureRequestWarning)</msg>
<msg timestamp="20190228 14:14:20.273" level="INFO">${response} = &lt;Response [200]&gt;</msg>
<status status="PASS" starttime="20190228 14:14:19.699" endtime="20190228 14:14:20.273"></status>
</kw>
<kw name="Should Be Equal As Strings" library="BuiltIn">
<doc>Fails if objects are unequal after converting them to strings.</doc>
<arguments>
<arg>${response.status_code}</arg>
<arg>200</arg>
</arguments>
<msg timestamp="20190228 14:14:20.274" level="INFO">Argument types are:
&lt;class 'int'&gt;
&lt;type 'unicode'&gt;</msg>
<status status="PASS" starttime="20190228 14:14:20.273" endtime="20190228 14:14:20.274"></status>
</kw>
<kw name="Set Variable" library="BuiltIn">
<doc>Returns the given values which can then be assigned to a variables.</doc>
<arguments>
<arg>${response.json()}</arg>
</arguments>
<assign>
<var>${json}</var>
</assign>
<msg timestamp="20190228 14:14:20.275" level="INFO">${json} = {'login': 'robotframework', 'id': 574284, 'node_id': 'MDEyOk9yZ2FuaXphdGlvbjU3NDI4NA==', 'avatar_url': 'https://avatars0.githubusercontent.com/u/574284?v=4', 'gravatar_id': '', 'url': 'https://api.git...</msg>
<status status="PASS" starttime="20190228 14:14:20.274" endtime="20190228 14:14:20.275"></status>
</kw>
<kw name="Should Be Equal As Strings" library="BuiltIn">
<doc>Fails if objects are unequal after converting them to strings.</doc>
<arguments>
<arg>${json['login']}</arg>
<arg>robotframework</arg>
</arguments>
<status status="PASS" starttime="20190228 14:14:20.275" endtime="20190228 14:14:20.275"></status>
</kw>
<kw name="Log" library="BuiltIn">
<doc>Logs the given message with the given level.</doc>
<arguments>
<arg>${response}</arg>
</arguments>
<msg timestamp="20190228 14:14:20.276" level="INFO">&lt;Response [200]&gt;</msg>
<status status="PASS" starttime="20190228 14:14:20.275" endtime="20190228 14:14:20.276"></status>
</kw>
<kw name="Log" library="BuiltIn">
<doc>Logs the given message with the given level.</doc>
<arguments>
<arg>${response.json()}</arg>
</arguments>
<msg timestamp="20190228 14:14:20.276" level="INFO">{'login': 'robotframework', 'id': 574284, 'node_id': 'MDEyOk9yZ2FuaXphdGlvbjU3NDI4NA==', 'avatar_url': 'https://avatars0.githubusercontent.com/u/574284?v=4', 'gravatar_id': '', 'url': 'https://api.github.com/users/robotframework', 'html_url': 'https://github.com/robotframework', 'followers_url': 'https://api.github.com/users/robotframework/followers', 'following_url': 'https://api.github.com/users/robotframework/following{/other_user}', 'gists_url': 'https://api.github.com/users/robotframework/gists{/gist_id}', 'starred_url': 'https://api.github.com/users/robotframework/starred{/owner}{/repo}', 'subscriptions_url': 'https://api.github.com/users/robotframework/subscriptions', 'organizations_url': 'https://api.github.com/users/robotframework/orgs', 'repos_url': 'https://api.github.com/users/robotframework/repos', 'events_url': 'https://api.github.com/users/robotframework/events{/privacy}', 'received_events_url': 'https://api.github.com/users/robotframework/received_events', 'type': 'Organization', 'site_admin': False, 'name': 'Robot Framework', 'company': None, 'blog': 'http://robotframework.org', 'location': None, 'email': None, 'hireable': None, 'bio': None, 'public_repos': 39, 'public_gists': 0, 'followers': 0, 'following': 0, 'created_at': '2011-01-20T10:36:53Z', 'updated_at': '2017-11-20T22:26:16Z'}</msg>
<status status="PASS" starttime="20190228 14:14:20.276" endtime="20190228 14:14:20.276"></status>
</kw>
<kw name="Log" library="BuiltIn">
<doc>Logs the given message with the given level.</doc>
<arguments>
<arg>${response.status_code}</arg>
</arguments>
<msg timestamp="20190228 14:14:20.277" level="INFO">200</msg>
<status status="PASS" starttime="20190228 14:14:20.277" endtime="20190228 14:14:20.277"></status>
</kw>
<kw name="Log" library="BuiltIn">
<doc>Logs the given message with the given level.</doc>
<arguments>
<arg>${response.header()}</arg>
</arguments>
<msg timestamp="20190228 14:14:20.277" level="FAIL">Resolving variable '${response.header()}' failed: AttributeError: 'Response' object has no attribute 'header'</msg>
<status status="FAIL" starttime="20190228 14:14:20.277" endtime="20190228 14:14:20.277"></status>
</kw>
<status status="FAIL" starttime="20190228 14:14:19.699" endtime="20190228 14:14:20.278"></status>
</kw>
<tags>
<tag>API</tag>
</tags>
<status status="FAIL" starttime="20190228 14:14:19.698" endtime="20190228 14:14:20.278" critical="yes">Resolving variable '${response.header()}' failed: AttributeError: 'Response' object has no attribute 'header'</status>
</test>
<test id="s1-t2" name="Display emodji from github">
<kw name="Display emodji" library="API po">
<kw name="Create Session" library="RequestsLibrary">
<doc>Create Session: create a HTTP session to a server</doc>
<arguments>
<arg>github_session</arg>
<arg>http://api.github.com</arg>
</arguments>
<msg timestamp="20190228 14:14:20.280" level="INFO">Creating Session using : alias=github_session, url=http://api.github.com, headers={},                     cookies=None, auth=None, timeout=None, proxies=None, verify=False,                     debug=0 </msg>
<status status="PASS" starttime="20190228 14:14:20.279" endtime="20190228 14:14:20.280"></status>
</kw>
<kw name="Get Request" library="RequestsLibrary">
<doc>Send a GET request on the session object found using the
given `alias`</doc>
<arguments>
<arg>github_session</arg>
<arg>emojis</arg>
</arguments>
<assign>
<var>${response}</var>
</assign>
<msg timestamp="20190228 14:14:20.914" level="INFO">Get Request using : alias=github_session, uri=emojis, headers=None json=None</msg>
<msg timestamp="20190228 14:14:20.914" level="INFO">/Library/Frameworks/Python.framework/Versions/3.7/lib/python3.7/site-packages/urllib3/connectionpool.py:847: InsecureRequestWarning: Unverified HTTPS request is being made. Adding certificate verification is strongly advised. See: https://urllib3.readthedocs.io/en/latest/advanced-usage.html#ssl-warnings
  InsecureRequestWarning)</msg>
<msg timestamp="20190228 14:14:20.914" level="INFO">${response} = &lt;Response [200]&gt;</msg>
<status status="PASS" starttime="20190228 14:14:20.280" endtime="20190228 14:14:20.914"></status>
</kw>
<kw name="Log" library="BuiltIn">
<doc>Logs the given message with the given level.</doc>
<arguments>
<arg>${response}</arg>
</arguments>
<msg timestamp="20190228 14:14:20.915" level="INFO">&lt;Response [200]&gt;</msg>
<status status="PASS" starttime="20190228 14:14:20.914" endtime="20190228 14:14:20.915"></status>
</kw>
<kw name="Should Be Equal As Strings" library="BuiltIn">
<doc>Fails if objects are unequal after converting them to strings.</doc>
<arguments>
<arg>${response.status_code}</arg>
<arg>200</arg>
</arguments>
<msg timestamp="20190228 14:14:20.915" level="INFO">Argument types are:
&lt;class 'int'&gt;
&lt;type 'unicode'&gt;</msg>
<status status="PASS" starttime="20190228 14:14:20.915" endtime="20190228 14:14:20.916"></status>
</kw>
<kw name="Set Variable" library="BuiltIn">
<doc>Returns the given values which can then be assigned to a variables.</doc>
<arguments>
<arg>${response.json()}</arg>
</arguments>
<assign>
<var>${json}</var>
</assign>
<msg timestamp="20190228 14:14:20.919" level="INFO">${json} = {'+1': 'https://github.githubassets.com/images/icons/emoji/unicode/1f44d.png?v8', '-1': 'https://github.githubassets.com/images/icons/emoji/unicode/1f44e.png?v8', '100': 'https://github.githubassets.c...</msg>
<status status="PASS" starttime="20190228 14:14:20.916" endtime="20190228 14:14:20.919"></status>
</kw>
<kw name="Set Variable" library="BuiltIn">
<doc>Returns the given values which can then be assigned to a variables.</doc>
<arguments>
<arg>${json['aerial_tramway']}</arg>
</arguments>
<assign>
<var>${emoji_url}</var>
</assign>
<msg timestamp="20190228 14:14:20.920" level="INFO">${emoji_url} = https://github.githubassets.com/images/icons/emoji/unicode/1f6a1.png?v8</msg>
<status status="PASS" starttime="20190228 14:14:20.919" endtime="20190228 14:14:20.920"></status>
</kw>
<kw name="Open Browser" library="Selenium2Library">
<doc>Opens a new browser instance to the given ``url``.</doc>
<arguments>
<arg>${emoji_url}</arg>
<arg>chrome</arg>
</arguments>
<msg timestamp="20190228 14:14:20.920" level="INFO">Opening browser 'chrome' to base url 'https://github.githubassets.com/images/icons/emoji/unicode/1f6a1.png?v8'.</msg>
<status status="PASS" starttime="20190228 14:14:20.920" endtime="20190228 14:14:23.040"></status>
</kw>
<status status="PASS" starttime="20190228 14:14:20.279" endtime="20190228 14:14:23.041"></status>
</kw>
<tags>
<tag>API</tag>
</tags>
<status status="PASS" starttime="20190228 14:14:20.279" endtime="20190228 14:14:23.041" critical="yes"></status>
</test>
<status status="FAIL" starttime="20190228 14:14:19.561" endtime="20190228 14:14:23.042"></status>
</suite>
<statistics>
<total>
<stat pass="1" fail="1">Critical Tests</stat>
<stat pass="1" fail="1">All Tests</stat>
</total>
<tag>
<stat pass="1" fail="1">API</stat>
</tag>
<suite>
<stat pass="1" fail="1" id="s1" name="API test">API test</stat>
</suite>
</statistics>
<errors>
</errors>
</robot>
